<?xml version="1.0" encoding="UTF-8"?>
<!-- Generated by org.testng.reporters.JUnitReportReporter -->
<testsuite skipped="0" hostname="Kiran-PC" name="academy.HomePage" tests="2" failures="0" timestamp="08 Mar 2019 17:00:28 GMT" time="134.702" errors="0">
  <testcase name="basePageNavigation" time="97.271" classname="academy.HomePage"/>
  <testcase name="basePageNavigation" time="37.431" classname="academy.HomePage"/>
</testsuite> <!-- academy.HomePage -->
