<?xml version="1.0" encoding="UTF-8"?>
<!-- Generated by org.testng.reporters.JUnitReportReporter -->
<testsuite skipped="0" hostname="Kiran-PC" name="academy.ValidateTitle" tests="2" failures="0" timestamp="08 Mar 2019 17:15:06 GMT" time="0.150" errors="0">
  <testcase name="checkTitle" time="0.066" classname="academy.ValidateTitle"/>
  <testcase name="checkBar" time="0.084" classname="academy.ValidateTitle"/>
</testsuite> <!-- academy.ValidateTitle -->
