<?xml version="1.0" encoding="UTF-8"?>
<!-- Generated by org.testng.reporters.JUnitReportReporter -->
<testsuite skipped="0" hostname="Kiran-PC" name="academy.HomePage" tests="2" failures="0" timestamp="2019-03-09T16:48:09 IST" time="106.528" errors="0">
  <testcase name="basePageNavigation" time="95.863" classname="academy.HomePage"/>
  <testcase name="basePageNavigation" time="10.665" classname="academy.HomePage"/>
</testsuite> <!-- academy.HomePage -->
